<?xml version="1.0" encoding="UTF-8"?>
<!-- Generated by org.testng.reporters.JUnitXMLReporter -->
<testsuite ignored="0" hostname="LAPTOP-D48PB34H" failures="0" tests="7" name="Firefox" time="71.607" errors="0" timestamp="2022-10-01T20:59:44 AEST">
  <testcase classname="com.planit.selenium.tests.JupiterShoppingCartTest" name="shoppingCartTest" time="5.911"/>
  <testcase classname="com.planit.selenium.tests.JupiterContactsTest" name="contactsSubmissionE2E" time="8.654"/>
  <testcase classname="com.planit.selenium.tests.JupiterContactsTest" name="contactsSubmissionPositive" time="6.062"/>
  <testcase classname="com.planit.selenium.tests.JupiterContactsTest" name="contactsSubmissionPositive" time="6.283"/>
  <testcase classname="com.planit.selenium.tests.JupiterContactsTest" name="contactsSubmissionPositive" time="8.917"/>
  <testcase classname="com.planit.selenium.tests.JupiterContactsTest" name="contactsSubmissionPositive" time="8.32"/>
  <testcase classname="com.planit.selenium.tests.JupiterContactsTest" name="contactsSubmissionPositive" time="11.472"/>
</testsuite> <!-- Firefox -->
