<?xml version="1.0" encoding="UTF-8"?>
<testng-results ignored="0" total="14" passed="14" failed="0" skipped="0">
  <reporter-output>
  </reporter-output>
  <suite started-at="2022-10-01T20:57:12 AEST" name="Suite1" finished-at="2022-10-01T20:59:44 AEST" duration-ms="151918">
    <groups>
    </groups>
    <test started-at="2022-10-01T20:57:12 AEST" name="Chrome" finished-at="2022-10-01T20:58:32 AEST" duration-ms="80302">
      <class name="com.planit.selenium.tests.JupiterShoppingCartTest">
        <test-method is-config="true" signature="startDriver(java.lang.String)[pri:0, instance:com.planit.selenium.tests.JupiterShoppingCartTest@6dc17b83]" started-at="2022-10-01T20:57:12 AEST" name="startDriver" finished-at="2022-10-01T20:57:13 AEST" duration-ms="1315" status="PASS">
          <params>
            <param index="0">
              <value>
                <![CDATA[CHROME]]>
              </value>
            </param>
          </params>
          <reporter-output>
          </reporter-output>
        </test-method> <!-- startDriver -->
        <test-method signature="shoppingCartTest(java.util.List)[pri:0, instance:com.planit.selenium.tests.JupiterShoppingCartTest@6dc17b83]" started-at="2022-10-01T20:57:13 AEST" name="shoppingCartTest" data-provider="productsData" finished-at="2022-10-01T20:57:18 AEST" duration-ms="4109" status="PASS">
          <params>
            <param index="0">
              <value>
                <![CDATA[[com.planit.selenium.pojos.Product@24361cfc, com.planit.selenium.pojos.Product@34e20e6b, com.planit.selenium.pojos.Product@15ac59c2]]]>
              </value>
            </param>
          </params>
          <reporter-output>
          </reporter-output>
        </test-method> <!-- shoppingCartTest -->
        <test-method is-config="true" signature="quitDriver(java.lang.String, org.testng.ITestResult)[pri:0, instance:com.planit.selenium.tests.JupiterShoppingCartTest@6dc17b83]" started-at="2022-10-01T20:57:18 AEST" name="quitDriver" finished-at="2022-10-01T20:57:18 AEST" duration-ms="86" status="PASS">
          <params>
            <param index="0">
              <value>
                <![CDATA[CHROME]]>
              </value>
            </param>
            <param index="1">
              <value>
                <![CDATA[[TestResult name=shoppingCartTest status=SUCCESS method=JupiterShoppingCartTest.shoppingCartTest(java.util.List)[pri:0, instance:com.planit.selenium.tests.JupiterShoppingCartTest@6dc17b83] output={null}]]]>
              </value>
            </param>
          </params>
          <reporter-output>
          </reporter-output>
        </test-method> <!-- quitDriver -->
      </class> <!-- com.planit.selenium.tests.JupiterShoppingCartTest -->
      <class name="com.planit.selenium.tests.JupiterContactsTest">
        <test-method is-config="true" signature="startDriver(java.lang.String)[pri:0, instance:com.planit.selenium.tests.JupiterContactsTest@5e0826e7]" started-at="2022-10-01T20:57:18 AEST" name="startDriver" finished-at="2022-10-01T20:57:18 AEST" duration-ms="698" status="PASS">
          <params>
            <param index="0">
              <value>
                <![CDATA[CHROME]]>
              </value>
            </param>
          </params>
          <reporter-output>
          </reporter-output>
        </test-method> <!-- startDriver -->
        <test-method signature="contactsSubmissionE2E(java.util.HashMap)[pri:0, instance:com.planit.selenium.tests.JupiterContactsTest@5e0826e7]" started-at="2022-10-01T20:57:18 AEST" name="contactsSubmissionE2E" data-provider="submissionDataOne" finished-at="2022-10-01T20:57:24 AEST" duration-ms="5995" status="PASS">
          <params>
            <param index="0">
              <value>
                <![CDATA[{contactObj=com.planit.selenium.pojos.Contact@411c6d44}]]>
              </value>
            </param>
          </params>
          <reporter-output>
          </reporter-output>
        </test-method> <!-- contactsSubmissionE2E -->
        <test-method is-config="true" signature="quitDriver(java.lang.String, org.testng.ITestResult)[pri:0, instance:com.planit.selenium.tests.JupiterContactsTest@5e0826e7]" started-at="2022-10-01T20:57:24 AEST" name="quitDriver" finished-at="2022-10-01T20:57:24 AEST" duration-ms="88" status="PASS">
          <params>
            <param index="0">
              <value>
                <![CDATA[CHROME]]>
              </value>
            </param>
            <param index="1">
              <value>
                <![CDATA[[TestResult name=contactsSubmissionE2E status=SUCCESS method=JupiterContactsTest.contactsSubmissionE2E(java.util.HashMap)[pri:0, instance:com.planit.selenium.tests.JupiterContactsTest@5e0826e7] output={null}]]]>
              </value>
            </param>
          </params>
          <reporter-output>
          </reporter-output>
        </test-method> <!-- quitDriver -->
        <test-method is-config="true" signature="startDriver(java.lang.String)[pri:0, instance:com.planit.selenium.tests.JupiterContactsTest@5e0826e7]" started-at="2022-10-01T20:57:24 AEST" name="startDriver" finished-at="2022-10-01T20:57:25 AEST" duration-ms="653" status="PASS">
          <params>
            <param index="0">
              <value>
                <![CDATA[CHROME]]>
              </value>
            </param>
          </params>
          <reporter-output>
          </reporter-output>
        </test-method> <!-- startDriver -->
        <test-method signature="contactsSubmissionPositive(java.util.HashMap)[pri:0, instance:com.planit.selenium.tests.JupiterContactsTest@5e0826e7]" started-at="2022-10-01T20:57:25 AEST" name="contactsSubmissionPositive" data-provider="submissionData" finished-at="2022-10-01T20:57:42 AEST" duration-ms="17064" status="PASS">
          <params>
            <param index="0">
              <value>
                <![CDATA[{contactObj=com.planit.selenium.pojos.Contact@f1266c6}]]>
              </value>
            </param>
          </params>
          <reporter-output>
          </reporter-output>
        </test-method> <!-- contactsSubmissionPositive -->
        <test-method is-config="true" signature="quitDriver(java.lang.String, org.testng.ITestResult)[pri:0, instance:com.planit.selenium.tests.JupiterContactsTest@5e0826e7]" started-at="2022-10-01T20:57:42 AEST" name="quitDriver" finished-at="2022-10-01T20:57:42 AEST" duration-ms="93" status="PASS">
          <params>
            <param index="0">
              <value>
                <![CDATA[CHROME]]>
              </value>
            </param>
            <param index="1">
              <value>
                <![CDATA[[TestResult name=contactsSubmissionPositive status=SUCCESS method=JupiterContactsTest.contactsSubmissionPositive(java.util.HashMap)[pri:0, instance:com.planit.selenium.tests.JupiterContactsTest@5e0826e7] output={null}]]]>
              </value>
            </param>
          </params>
          <reporter-output>
          </reporter-output>
        </test-method> <!-- quitDriver -->
        <test-method is-config="true" signature="startDriver(java.lang.String)[pri:0, instance:com.planit.selenium.tests.JupiterContactsTest@5e0826e7]" started-at="2022-10-01T20:57:42 AEST" name="startDriver" finished-at="2022-10-01T20:57:43 AEST" duration-ms="658" status="PASS">
          <params>
            <param index="0">
              <value>
                <![CDATA[CHROME]]>
              </value>
            </param>
          </params>
          <reporter-output>
          </reporter-output>
        </test-method> <!-- startDriver -->
        <test-method signature="contactsSubmissionPositive(java.util.HashMap)[pri:0, instance:com.planit.selenium.tests.JupiterContactsTest@5e0826e7]" started-at="2022-10-01T20:57:43 AEST" name="contactsSubmissionPositive" data-provider="submissionData" finished-at="2022-10-01T20:57:52 AEST" duration-ms="8864" status="PASS">
          <params>
            <param index="0">
              <value>
                <![CDATA[{contactObj=com.planit.selenium.pojos.Contact@58eac00e}]]>
              </value>
            </param>
          </params>
          <reporter-output>
          </reporter-output>
        </test-method> <!-- contactsSubmissionPositive -->
        <test-method is-config="true" signature="quitDriver(java.lang.String, org.testng.ITestResult)[pri:0, instance:com.planit.selenium.tests.JupiterContactsTest@5e0826e7]" started-at="2022-10-01T20:57:52 AEST" name="quitDriver" finished-at="2022-10-01T20:57:52 AEST" duration-ms="77" status="PASS">
          <params>
            <param index="0">
              <value>
                <![CDATA[CHROME]]>
              </value>
            </param>
            <param index="1">
              <value>
                <![CDATA[[TestResult name=contactsSubmissionPositive status=SUCCESS method=JupiterContactsTest.contactsSubmissionPositive(java.util.HashMap)[pri:0, instance:com.planit.selenium.tests.JupiterContactsTest@5e0826e7] output={null}]]]>
              </value>
            </param>
          </params>
          <reporter-output>
          </reporter-output>
        </test-method> <!-- quitDriver -->
        <test-method is-config="true" signature="startDriver(java.lang.String)[pri:0, instance:com.planit.selenium.tests.JupiterContactsTest@5e0826e7]" started-at="2022-10-01T20:57:52 AEST" name="startDriver" finished-at="2022-10-01T20:57:53 AEST" duration-ms="704" status="PASS">
          <params>
            <param index="0">
              <value>
                <![CDATA[CHROME]]>
              </value>
            </param>
          </params>
          <reporter-output>
          </reporter-output>
        </test-method> <!-- startDriver -->
        <test-method signature="contactsSubmissionPositive(java.util.HashMap)[pri:0, instance:com.planit.selenium.tests.JupiterContactsTest@5e0826e7]" started-at="2022-10-01T20:57:53 AEST" name="contactsSubmissionPositive" data-provider="submissionData" finished-at="2022-10-01T20:58:08 AEST" duration-ms="15226" status="PASS">
          <params>
            <param index="0">
              <value>
                <![CDATA[{contactObj=com.planit.selenium.pojos.Contact@7c588adc}]]>
              </value>
            </param>
          </params>
          <reporter-output>
          </reporter-output>
        </test-method> <!-- contactsSubmissionPositive -->
        <test-method is-config="true" signature="quitDriver(java.lang.String, org.testng.ITestResult)[pri:0, instance:com.planit.selenium.tests.JupiterContactsTest@5e0826e7]" started-at="2022-10-01T20:58:08 AEST" name="quitDriver" finished-at="2022-10-01T20:58:08 AEST" duration-ms="80" status="PASS">
          <params>
            <param index="0">
              <value>
                <![CDATA[CHROME]]>
              </value>
            </param>
            <param index="1">
              <value>
                <![CDATA[[TestResult name=contactsSubmissionPositive status=SUCCESS method=JupiterContactsTest.contactsSubmissionPositive(java.util.HashMap)[pri:0, instance:com.planit.selenium.tests.JupiterContactsTest@5e0826e7] output={null}]]]>
              </value>
            </param>
          </params>
          <reporter-output>
          </reporter-output>
        </test-method> <!-- quitDriver -->
        <test-method is-config="true" signature="startDriver(java.lang.String)[pri:0, instance:com.planit.selenium.tests.JupiterContactsTest@5e0826e7]" started-at="2022-10-01T20:58:08 AEST" name="startDriver" finished-at="2022-10-01T20:58:09 AEST" duration-ms="707" status="PASS">
          <params>
            <param index="0">
              <value>
                <![CDATA[CHROME]]>
              </value>
            </param>
          </params>
          <reporter-output>
          </reporter-output>
        </test-method> <!-- startDriver -->
        <test-method signature="contactsSubmissionPositive(java.util.HashMap)[pri:0, instance:com.planit.selenium.tests.JupiterContactsTest@5e0826e7]" started-at="2022-10-01T20:58:09 AEST" name="contactsSubmissionPositive" data-provider="submissionData" finished-at="2022-10-01T20:58:26 AEST" duration-ms="17901" status="PASS">
          <params>
            <param index="0">
              <value>
                <![CDATA[{contactObj=com.planit.selenium.pojos.Contact@52aa7742}]]>
              </value>
            </param>
          </params>
          <reporter-output>
          </reporter-output>
        </test-method> <!-- contactsSubmissionPositive -->
        <test-method is-config="true" signature="quitDriver(java.lang.String, org.testng.ITestResult)[pri:0, instance:com.planit.selenium.tests.JupiterContactsTest@5e0826e7]" started-at="2022-10-01T20:58:26 AEST" name="quitDriver" finished-at="2022-10-01T20:58:27 AEST" duration-ms="94" status="PASS">
          <params>
            <param index="0">
              <value>
                <![CDATA[CHROME]]>
              </value>
            </param>
            <param index="1">
              <value>
                <![CDATA[[TestResult name=contactsSubmissionPositive status=SUCCESS method=JupiterContactsTest.contactsSubmissionPositive(java.util.HashMap)[pri:0, instance:com.planit.selenium.tests.JupiterContactsTest@5e0826e7] output={null}]]]>
              </value>
            </param>
          </params>
          <reporter-output>
          </reporter-output>
        </test-method> <!-- quitDriver -->
        <test-method is-config="true" signature="startDriver(java.lang.String)[pri:0, instance:com.planit.selenium.tests.JupiterContactsTest@5e0826e7]" started-at="2022-10-01T20:58:27 AEST" name="startDriver" finished-at="2022-10-01T20:58:27 AEST" duration-ms="667" status="PASS">
          <params>
            <param index="0">
              <value>
                <![CDATA[CHROME]]>
              </value>
            </param>
          </params>
          <reporter-output>
          </reporter-output>
        </test-method> <!-- startDriver -->
        <test-method signature="contactsSubmissionPositive(java.util.HashMap)[pri:0, instance:com.planit.selenium.tests.JupiterContactsTest@5e0826e7]" started-at="2022-10-01T20:58:27 AEST" name="contactsSubmissionPositive" data-provider="submissionData" finished-at="2022-10-01T20:58:32 AEST" duration-ms="5099" status="PASS">
          <params>
            <param index="0">
              <value>
                <![CDATA[{contactObj=com.planit.selenium.pojos.Contact@52aa7742}]]>
              </value>
            </param>
          </params>
          <reporter-output>
          </reporter-output>
        </test-method> <!-- contactsSubmissionPositive -->
        <test-method is-config="true" signature="quitDriver(java.lang.String, org.testng.ITestResult)[pri:0, instance:com.planit.selenium.tests.JupiterContactsTest@5e0826e7]" started-at="2022-10-01T20:58:32 AEST" name="quitDriver" finished-at="2022-10-01T20:58:32 AEST" duration-ms="92" status="PASS">
          <params>
            <param index="0">
              <value>
                <![CDATA[CHROME]]>
              </value>
            </param>
            <param index="1">
              <value>
                <![CDATA[[TestResult name=contactsSubmissionPositive status=SUCCESS method=JupiterContactsTest.contactsSubmissionPositive(java.util.HashMap)[pri:0, instance:com.planit.selenium.tests.JupiterContactsTest@5e0826e7] output={null}]]]>
              </value>
            </param>
          </params>
          <reporter-output>
          </reporter-output>
        </test-method> <!-- quitDriver -->
      </class> <!-- com.planit.selenium.tests.JupiterContactsTest -->
    </test> <!-- Chrome -->
    <test started-at="2022-10-01T20:58:32 AEST" name="Firefox" finished-at="2022-10-01T20:59:44 AEST" duration-ms="71607">
      <class name="com.planit.selenium.tests.JupiterShoppingCartTest">
        <test-method is-config="true" signature="startDriver(java.lang.String)[pri:0, instance:com.planit.selenium.tests.JupiterShoppingCartTest@245b4bdc]" started-at="2022-10-01T20:58:32 AEST" name="startDriver" finished-at="2022-10-01T20:58:34 AEST" duration-ms="1893" status="PASS">
          <params>
            <param index="0">
              <value>
                <![CDATA[FIREFOX]]>
              </value>
            </param>
          </params>
          <reporter-output>
          </reporter-output>
        </test-method> <!-- startDriver -->
        <test-method signature="shoppingCartTest(java.util.List)[pri:0, instance:com.planit.selenium.tests.JupiterShoppingCartTest@245b4bdc]" started-at="2022-10-01T20:58:34 AEST" name="shoppingCartTest" data-provider="productsData" finished-at="2022-10-01T20:58:40 AEST" duration-ms="5911" status="PASS">
          <params>
            <param index="0">
              <value>
                <![CDATA[[com.planit.selenium.pojos.Product@101c15ad, com.planit.selenium.pojos.Product@6068ebb2, com.planit.selenium.pojos.Product@5a466dd]]]>
              </value>
            </param>
          </params>
          <reporter-output>
          </reporter-output>
        </test-method> <!-- shoppingCartTest -->
        <test-method is-config="true" signature="quitDriver(java.lang.String, org.testng.ITestResult)[pri:0, instance:com.planit.selenium.tests.JupiterShoppingCartTest@245b4bdc]" started-at="2022-10-01T20:58:40 AEST" name="quitDriver" finished-at="2022-10-01T20:58:41 AEST" duration-ms="509" status="PASS">
          <params>
            <param index="0">
              <value>
                <![CDATA[FIREFOX]]>
              </value>
            </param>
            <param index="1">
              <value>
                <![CDATA[[TestResult name=shoppingCartTest status=SUCCESS method=JupiterShoppingCartTest.shoppingCartTest(java.util.List)[pri:0, instance:com.planit.selenium.tests.JupiterShoppingCartTest@245b4bdc] output={null}]]]>
              </value>
            </param>
          </params>
          <reporter-output>
          </reporter-output>
        </test-method> <!-- quitDriver -->
      </class> <!-- com.planit.selenium.tests.JupiterShoppingCartTest -->
      <class name="com.planit.selenium.tests.JupiterContactsTest">
        <test-method is-config="true" signature="startDriver(java.lang.String)[pri:0, instance:com.planit.selenium.tests.JupiterContactsTest@6c64cb25]" started-at="2022-10-01T20:58:41 AEST" name="startDriver" finished-at="2022-10-01T20:58:42 AEST" duration-ms="1775" status="PASS">
          <params>
            <param index="0">
              <value>
                <![CDATA[FIREFOX]]>
              </value>
            </param>
          </params>
          <reporter-output>
          </reporter-output>
        </test-method> <!-- startDriver -->
        <test-method signature="contactsSubmissionE2E(java.util.HashMap)[pri:0, instance:com.planit.selenium.tests.JupiterContactsTest@6c64cb25]" started-at="2022-10-01T20:58:42 AEST" name="contactsSubmissionE2E" data-provider="submissionDataOne" finished-at="2022-10-01T20:58:51 AEST" duration-ms="8654" status="PASS">
          <params>
            <param index="0">
              <value>
                <![CDATA[{contactObj=com.planit.selenium.pojos.Contact@37f41a81}]]>
              </value>
            </param>
          </params>
          <reporter-output>
          </reporter-output>
        </test-method> <!-- contactsSubmissionE2E -->
        <test-method is-config="true" signature="quitDriver(java.lang.String, org.testng.ITestResult)[pri:0, instance:com.planit.selenium.tests.JupiterContactsTest@6c64cb25]" started-at="2022-10-01T20:58:51 AEST" name="quitDriver" finished-at="2022-10-01T20:58:52 AEST" duration-ms="574" status="PASS">
          <params>
            <param index="0">
              <value>
                <![CDATA[FIREFOX]]>
              </value>
            </param>
            <param index="1">
              <value>
                <![CDATA[[TestResult name=contactsSubmissionE2E status=SUCCESS method=JupiterContactsTest.contactsSubmissionE2E(java.util.HashMap)[pri:0, instance:com.planit.selenium.tests.JupiterContactsTest@6c64cb25] output={null}]]]>
              </value>
            </param>
          </params>
          <reporter-output>
          </reporter-output>
        </test-method> <!-- quitDriver -->
        <test-method is-config="true" signature="startDriver(java.lang.String)[pri:0, instance:com.planit.selenium.tests.JupiterContactsTest@6c64cb25]" started-at="2022-10-01T20:58:52 AEST" name="startDriver" finished-at="2022-10-01T20:58:53 AEST" duration-ms="1776" status="PASS">
          <params>
            <param index="0">
              <value>
                <![CDATA[FIREFOX]]>
              </value>
            </param>
          </params>
          <reporter-output>
          </reporter-output>
        </test-method> <!-- startDriver -->
        <test-method signature="contactsSubmissionPositive(java.util.HashMap)[pri:0, instance:com.planit.selenium.tests.JupiterContactsTest@6c64cb25]" started-at="2022-10-01T20:58:53 AEST" name="contactsSubmissionPositive" data-provider="submissionData" finished-at="2022-10-01T20:59:00 AEST" duration-ms="6062" status="PASS">
          <params>
            <param index="0">
              <value>
                <![CDATA[{contactObj=com.planit.selenium.pojos.Contact@497921d0}]]>
              </value>
            </param>
          </params>
          <reporter-output>
          </reporter-output>
        </test-method> <!-- contactsSubmissionPositive -->
        <test-method is-config="true" signature="quitDriver(java.lang.String, org.testng.ITestResult)[pri:0, instance:com.planit.selenium.tests.JupiterContactsTest@6c64cb25]" started-at="2022-10-01T20:59:00 AEST" name="quitDriver" finished-at="2022-10-01T20:59:00 AEST" duration-ms="509" status="PASS">
          <params>
            <param index="0">
              <value>
                <![CDATA[FIREFOX]]>
              </value>
            </param>
            <param index="1">
              <value>
                <![CDATA[[TestResult name=contactsSubmissionPositive status=SUCCESS method=JupiterContactsTest.contactsSubmissionPositive(java.util.HashMap)[pri:0, instance:com.planit.selenium.tests.JupiterContactsTest@6c64cb25] output={null}]]]>
              </value>
            </param>
          </params>
          <reporter-output>
          </reporter-output>
        </test-method> <!-- quitDriver -->
        <test-method is-config="true" signature="startDriver(java.lang.String)[pri:0, instance:com.planit.selenium.tests.JupiterContactsTest@6c64cb25]" started-at="2022-10-01T20:59:00 AEST" name="startDriver" finished-at="2022-10-01T20:59:02 AEST" duration-ms="1713" status="PASS">
          <params>
            <param index="0">
              <value>
                <![CDATA[FIREFOX]]>
              </value>
            </param>
          </params>
          <reporter-output>
          </reporter-output>
        </test-method> <!-- startDriver -->
        <test-method signature="contactsSubmissionPositive(java.util.HashMap)[pri:0, instance:com.planit.selenium.tests.JupiterContactsTest@6c64cb25]" started-at="2022-10-01T20:59:02 AEST" name="contactsSubmissionPositive" data-provider="submissionData" finished-at="2022-10-01T20:59:08 AEST" duration-ms="6283" status="PASS">
          <params>
            <param index="0">
              <value>
                <![CDATA[{contactObj=com.planit.selenium.pojos.Contact@13c18bba}]]>
              </value>
            </param>
          </params>
          <reporter-output>
          </reporter-output>
        </test-method> <!-- contactsSubmissionPositive -->
        <test-method is-config="true" signature="quitDriver(java.lang.String, org.testng.ITestResult)[pri:0, instance:com.planit.selenium.tests.JupiterContactsTest@6c64cb25]" started-at="2022-10-01T20:59:08 AEST" name="quitDriver" finished-at="2022-10-01T20:59:09 AEST" duration-ms="507" status="PASS">
          <params>
            <param index="0">
              <value>
                <![CDATA[FIREFOX]]>
              </value>
            </param>
            <param index="1">
              <value>
                <![CDATA[[TestResult name=contactsSubmissionPositive status=SUCCESS method=JupiterContactsTest.contactsSubmissionPositive(java.util.HashMap)[pri:0, instance:com.planit.selenium.tests.JupiterContactsTest@6c64cb25] output={null}]]]>
              </value>
            </param>
          </params>
          <reporter-output>
          </reporter-output>
        </test-method> <!-- quitDriver -->
        <test-method is-config="true" signature="startDriver(java.lang.String)[pri:0, instance:com.planit.selenium.tests.JupiterContactsTest@6c64cb25]" started-at="2022-10-01T20:59:09 AEST" name="startDriver" finished-at="2022-10-01T20:59:10 AEST" duration-ms="1538" status="PASS">
          <params>
            <param index="0">
              <value>
                <![CDATA[FIREFOX]]>
              </value>
            </param>
          </params>
          <reporter-output>
          </reporter-output>
        </test-method> <!-- startDriver -->
        <test-method signature="contactsSubmissionPositive(java.util.HashMap)[pri:0, instance:com.planit.selenium.tests.JupiterContactsTest@6c64cb25]" started-at="2022-10-01T20:59:10 AEST" name="contactsSubmissionPositive" data-provider="submissionData" finished-at="2022-10-01T20:59:19 AEST" duration-ms="8917" status="PASS">
          <params>
            <param index="0">
              <value>
                <![CDATA[{contactObj=com.planit.selenium.pojos.Contact@6bd2f039}]]>
              </value>
            </param>
          </params>
          <reporter-output>
          </reporter-output>
        </test-method> <!-- contactsSubmissionPositive -->
        <test-method is-config="true" signature="quitDriver(java.lang.String, org.testng.ITestResult)[pri:0, instance:com.planit.selenium.tests.JupiterContactsTest@6c64cb25]" started-at="2022-10-01T20:59:19 AEST" name="quitDriver" finished-at="2022-10-01T20:59:20 AEST" duration-ms="599" status="PASS">
          <params>
            <param index="0">
              <value>
                <![CDATA[FIREFOX]]>
              </value>
            </param>
            <param index="1">
              <value>
                <![CDATA[[TestResult name=contactsSubmissionPositive status=SUCCESS method=JupiterContactsTest.contactsSubmissionPositive(java.util.HashMap)[pri:0, instance:com.planit.selenium.tests.JupiterContactsTest@6c64cb25] output={null}]]]>
              </value>
            </param>
          </params>
          <reporter-output>
          </reporter-output>
        </test-method> <!-- quitDriver -->
        <test-method is-config="true" signature="startDriver(java.lang.String)[pri:0, instance:com.planit.selenium.tests.JupiterContactsTest@6c64cb25]" started-at="2022-10-01T20:59:20 AEST" name="startDriver" finished-at="2022-10-01T20:59:21 AEST" duration-ms="1711" status="PASS">
          <params>
            <param index="0">
              <value>
                <![CDATA[FIREFOX]]>
              </value>
            </param>
          </params>
          <reporter-output>
          </reporter-output>
        </test-method> <!-- startDriver -->
        <test-method signature="contactsSubmissionPositive(java.util.HashMap)[pri:0, instance:com.planit.selenium.tests.JupiterContactsTest@6c64cb25]" started-at="2022-10-01T20:59:21 AEST" name="contactsSubmissionPositive" data-provider="submissionData" finished-at="2022-10-01T20:59:30 AEST" duration-ms="8320" status="PASS">
          <params>
            <param index="0">
              <value>
                <![CDATA[{contactObj=com.planit.selenium.pojos.Contact@22cb8e5f}]]>
              </value>
            </param>
          </params>
          <reporter-output>
          </reporter-output>
        </test-method> <!-- contactsSubmissionPositive -->
        <test-method is-config="true" signature="quitDriver(java.lang.String, org.testng.ITestResult)[pri:0, instance:com.planit.selenium.tests.JupiterContactsTest@6c64cb25]" started-at="2022-10-01T20:59:30 AEST" name="quitDriver" finished-at="2022-10-01T20:59:30 AEST" duration-ms="577" status="PASS">
          <params>
            <param index="0">
              <value>
                <![CDATA[FIREFOX]]>
              </value>
            </param>
            <param index="1">
              <value>
                <![CDATA[[TestResult name=contactsSubmissionPositive status=SUCCESS method=JupiterContactsTest.contactsSubmissionPositive(java.util.HashMap)[pri:0, instance:com.planit.selenium.tests.JupiterContactsTest@6c64cb25] output={null}]]]>
              </value>
            </param>
          </params>
          <reporter-output>
          </reporter-output>
        </test-method> <!-- quitDriver -->
        <test-method is-config="true" signature="startDriver(java.lang.String)[pri:0, instance:com.planit.selenium.tests.JupiterContactsTest@6c64cb25]" started-at="2022-10-01T20:59:30 AEST" name="startDriver" finished-at="2022-10-01T20:59:32 AEST" duration-ms="1704" status="PASS">
          <params>
            <param index="0">
              <value>
                <![CDATA[FIREFOX]]>
              </value>
            </param>
          </params>
          <reporter-output>
          </reporter-output>
        </test-method> <!-- startDriver -->
        <test-method signature="contactsSubmissionPositive(java.util.HashMap)[pri:0, instance:com.planit.selenium.tests.JupiterContactsTest@6c64cb25]" started-at="2022-10-01T20:59:32 AEST" name="contactsSubmissionPositive" data-provider="submissionData" finished-at="2022-10-01T20:59:43 AEST" duration-ms="11472" status="PASS">
          <params>
            <param index="0">
              <value>
                <![CDATA[{contactObj=com.planit.selenium.pojos.Contact@22cb8e5f}]]>
              </value>
            </param>
          </params>
          <reporter-output>
          </reporter-output>
        </test-method> <!-- contactsSubmissionPositive -->
        <test-method is-config="true" signature="quitDriver(java.lang.String, org.testng.ITestResult)[pri:0, instance:com.planit.selenium.tests.JupiterContactsTest@6c64cb25]" started-at="2022-10-01T20:59:43 AEST" name="quitDriver" finished-at="2022-10-01T20:59:44 AEST" duration-ms="597" status="PASS">
          <params>
            <param index="0">
              <value>
                <![CDATA[FIREFOX]]>
              </value>
            </param>
            <param index="1">
              <value>
                <![CDATA[[TestResult name=contactsSubmissionPositive status=SUCCESS method=JupiterContactsTest.contactsSubmissionPositive(java.util.HashMap)[pri:0, instance:com.planit.selenium.tests.JupiterContactsTest@6c64cb25] output={null}]]]>
              </value>
            </param>
          </params>
          <reporter-output>
          </reporter-output>
        </test-method> <!-- quitDriver -->
      </class> <!-- com.planit.selenium.tests.JupiterContactsTest -->
    </test> <!-- Firefox -->
  </suite> <!-- Suite1 -->
</testng-results>
